<?xml version="1.0" encoding="UTF-8"?>
<!-- Generated by org.testng.reporters.JUnitReportReporter -->
<testsuite hostname="WKWIN2226319" failures="0" tests="1" name="src.damco.test.TaskMakeMyTrip" time="23.579" errors="0" timestamp="06 Dec 2022 12:01:31 GMT" skipped="0">
  <testcase classname="src.damco.test.TaskMakeMyTrip" name="testAirlineNameAndPriceHavingSecondndLowestPrice" time="23.579"/>
</testsuite> <!-- src.damco.test.TaskMakeMyTrip -->
